<?xml version="1.0" encoding="UTF-8"?>
<!-- Generated by org.testng.reporters.JUnitXMLReporter -->
<testsuite ignored="0" hostname="Lenovo" failures="1" tests="1" name="Test1" time="31.897" errors="0" timestamp="2022-08-19T11:33:37 IST">
  <testcase classname="Pages.test.ParallelExecutionTest" name="parallelTest" time="31.866">
    <failure type="org.openqa.selenium.NoSuchElementException" message="An element could not be located on the page using the given search parameters. (WARNING: The server did not provide any stacktrace information)
Command duration or timeout: 10.34 seconds
For documentation on this error, please visit: http://seleniumhq.org/exceptions/no_such_element.html
Build info: version: &amp;apos;2.53.1&amp;apos;, revision: &amp;apos;a36b8b1cd5757287168e54b817830adce9b0158d&amp;apos;, time: &amp;apos;2016-06-30 19:26:09&amp;apos;
System info: host: &amp;apos;Lenovo&amp;apos;, ip: &amp;apos;192.168.43.77&amp;apos;, os.name: &amp;apos;Windows 10&amp;apos;, os.arch: &amp;apos;amd64&amp;apos;, os.version: &amp;apos;10.0&amp;apos;, java.version: &amp;apos;16.0.1&amp;apos;
Driver info: io.appium.java_client.android.AndroidDriver
Capabilities [{appPackage=io.appium.android.apis, deviceScreenSize=720x1280, networkConnectionEnabled=true, statBarHeight=50, warnings={}, viewportRect={top=50, left=0, width=720, height=1230}, databaseEnabled=false, deviceName=55ca65127d93, platform=LINUX, deviceUDID=55ca65127d93, appActivity=.ApiDemos, desired={appPackage=io.appium.android.apis, appActivity=.ApiDemos, platformVersion=7.1.2 N2G47H, platformName=Android, udid=55ca65127d93}, platformVersion=7.1.2, pixelRatio=2, webStorageEnabled=false, locationContextEnabled=false, takesScreenshot=true, javascriptEnabled=true, deviceScreenDensity=320, deviceModel=Redmi 4, platformName=Android, udid=55ca65127d93, deviceApiLevel=25, deviceManufacturer=Xiaomi}]
Session ID: 9cb5bf87-548d-4c5a-bb1a-164b46495232
*** Element info: {Using=accessibility id, value=1. Light Theme}">
      <![CDATA[org.openqa.selenium.NoSuchElementException: An element could not be located on the page using the given search parameters. (WARNING: The server did not provide any stacktrace information)
Command duration or timeout: 10.34 seconds
For documentation on this error, please visit: http://seleniumhq.org/exceptions/no_such_element.html
Build info: version: '2.53.1', revision: 'a36b8b1cd5757287168e54b817830adce9b0158d', time: '2016-06-30 19:26:09'
System info: host: 'Lenovo', ip: '192.168.43.77', os.name: 'Windows 10', os.arch: 'amd64', os.version: '10.0', java.version: '16.0.1'
Driver info: io.appium.java_client.android.AndroidDriver
Capabilities [{appPackage=io.appium.android.apis, deviceScreenSize=720x1280, networkConnectionEnabled=true, statBarHeight=50, warnings={}, viewportRect={top=50, left=0, width=720, height=1230}, databaseEnabled=false, deviceName=55ca65127d93, platform=LINUX, deviceUDID=55ca65127d93, appActivity=.ApiDemos, desired={appPackage=io.appium.android.apis, appActivity=.ApiDemos, platformVersion=7.1.2 N2G47H, platformName=Android, udid=55ca65127d93}, platformVersion=7.1.2, pixelRatio=2, webStorageEnabled=false, locationContextEnabled=false, takesScreenshot=true, javascriptEnabled=true, deviceScreenDensity=320, deviceModel=Redmi 4, platformName=Android, udid=55ca65127d93, deviceApiLevel=25, deviceManufacturer=Xiaomi}]
Session ID: 9cb5bf87-548d-4c5a-bb1a-164b46495232
*** Element info: {Using=accessibility id, value=1. Light Theme}
at org.openqa.selenium.remote.ErrorHandler.createThrowable(ErrorHandler.java:206)
at org.openqa.selenium.remote.ErrorHandler.throwIfResponseFailed(ErrorHandler.java:158)
at org.openqa.selenium.remote.RemoteWebDriver.execute(RemoteWebDriver.java:678)
at io.appium.java_client.DefaultGenericMobileDriver.execute(DefaultGenericMobileDriver.java:40)
at io.appium.java_client.AppiumDriver.execute(AppiumDriver.java:1)
at io.appium.java_client.android.AndroidDriver.execute(AndroidDriver.java:1)
at org.openqa.selenium.remote.RemoteWebDriver.findElement(RemoteWebDriver.java:363)
at io.appium.java_client.DefaultGenericMobileDriver.findElement(DefaultGenericMobileDriver.java:56)
at io.appium.java_client.AppiumDriver.findElement(AppiumDriver.java:1)
at io.appium.java_client.android.AndroidDriver.findElement(AndroidDriver.java:1)
at io.appium.java_client.DefaultGenericMobileDriver.findElementByAccessibilityId(DefaultGenericMobileDriver.java:145)
at io.appium.java_client.AppiumDriver.findElementByAccessibilityId(AppiumDriver.java:1)
at io.appium.java_client.android.AndroidDriver.findElementByAccessibilityId(AndroidDriver.java:1)
at Pages.test.ParallelExecutionTest.parallelTest(ParallelExecutionTest.java:34)
at java.base/java.util.ArrayList.forEach(ArrayList.java:1511)
at java.base/java.util.concurrent.FutureTask.run(FutureTask.java:264)
at java.base/java.util.concurrent.ThreadPoolExecutor.runWorker(ThreadPoolExecutor.java:1130)
at java.base/java.util.concurrent.ThreadPoolExecutor$Worker.run(ThreadPoolExecutor.java:630)
at java.base/java.lang.Thread.run(Thread.java:831)
... Removed 23 stack frames]]>
    </failure>
  </testcase> <!-- parallelTest -->
</testsuite> <!-- Test1 -->
