<?xml version="1.0" encoding="UTF-8"?>
<testng-results ignored="0" total="1" passed="1" failed="0" skipped="0">
  <reporter-output>
  </reporter-output>
  <suite started-at="2022-09-28T13:44:18 IST" name="Default suite" finished-at="2022-09-28T13:44:18 IST" duration-ms="52">
    <groups>
    </groups>
    <test started-at="2022-09-28T13:44:18 IST" name="Default test" finished-at="2022-09-28T13:44:18 IST" duration-ms="52">
      <class name="JavaPtacticeCollection.Pattern">
        <test-method signature="evenPatter()[pri:0, instance:JavaPtacticeCollection.Pattern@1e683a3e]" started-at="2022-09-28T13:44:18 IST" name="evenPatter" finished-at="2022-09-28T13:44:18 IST" duration-ms="21" status="PASS">
          <reporter-output>
          </reporter-output>
        </test-method> <!-- evenPatter -->
      </class> <!-- JavaPtacticeCollection.Pattern -->
    </test> <!-- Default test -->
  </suite> <!-- Default suite -->
</testng-results>
